#
# A fatal error has been detected by the Java Runtime Environment:
#
#  SIGSEGV (0xb) at pc=0x00007f8643f4fab8, pid=30409, tid=0x00007f864459b700
#
# JRE version: OpenJDK Runtime Environment (8.0_131-b11) (build 1.8.0_131-8u131-b11-2ubuntu1.16.04.3-b11)
# Java VM: OpenJDK 64-Bit Server VM (25.131-b11 mixed mode linux-amd64 compressed oops)
# Problematic frame:
# C  [libc.so.6+0x172ab8]
#
# Failed to write core dump. Core dumps have been disabled. To enable core dumping, try "ulimit -c unlimited" before starting Java again
#
# If you would like to submit a bug report, please visit:
#   http://bugreport.java.com/bugreport/crash.jsp
#

---------------  T H R E A D  ---------------

Current thread (0x00007f863c009800):  JavaThread "main" [_thread_in_vm, id=30410, stack(0x00007f864449b000,0x00007f864459c000)]

siginfo: si_signo: 11 (SIGSEGV), si_code: 0 (SI_USER), sent from pid: 31763 (uid: 1000)

Registers:
RAX=0x0000000000000000, RBX=0x00000000aa602040, RCX=0x0000000005963050, RDX=0x0000000028000000
RSP=0x00007f864459a708, RBP=0x00007f864459a740, RSI=0x00000000d2602050, RDI=0x00000000ccc9f000
R8 =0x0000000000000000, R9 =0x00007f86430d7d40, R10=0x00007f863c017480, R11=0x00007f864377b821
R12=0x00007f863c009800, R13=0x0000000005000002, R14=0x0000000100011098, R15=0x0000000000000002
RIP=0x00007f8643f4fab8, EFLAGS=0x0000000000010207, CSGSFS=0x002b000000000033, ERR=0x0000000000000004
  TRAPNO=0x000000000000000e

Top of Stack: (sp=0x00007f864459a708)
0x00007f864459a708:   00007f8642e88e40 0000000000000000
0x00007f864459a718:   c2e2e5bb05f6cc00 00007f863c009800
0x00007f864459a728:   0000000000000001 000000000a000000
0x00007f864459a738:   0000000005000002 00007f864459a790
0x00007f864459a748:   00007f8642e7e8c1 00007f862c5399c0
0x00007f864459a758:   0000000100011098 00007f864459aae0
0x00007f864459a768:   000000000a000000 00007f863c009800
0x00007f864459a778:   00007f862c5399c0 00007f863c008810
0x00007f864459a788:   0000000000000063 00007f864459a810
0x00007f864459a798:   00007f8642eb3bd5 00007f862c5399c0
0x00007f864459a7a8:   00007f863c009800 00007f863c009800
0x00007f864459a7b8:   00007f8600000000 00007f862c5399c0
0x00007f864459a7c8:   00007f863c009800 0000000049a00000
0x00007f864459a7d8:   c2e2e5bb05f6cc00 00007f864459a870
0x00007f864459a7e8:   00000000000000bd 0000000000000000
0x00007f864459a7f8:   00007f862c540b6f 00007f864459a898
0x00007f864459a808:   00007f863c009800 00007f864459a870
0x00007f864459a818:   00007f862d024958 00000000db29c6a0
0x00007f864459a828:   00007f862d024924 00007f864459a830
0x00007f864459a838:   00007f862c540b6f 00007f864459a898
0x00007f864459a848:   00007f862c5444b0 0000000000000000
0x00007f864459a858:   00007f862c540ba8 0000000000000000
0x00007f864459a868:   00007f864459a888 00007f864459a8e0
0x00007f864459a878:   00007f862d007d80 0000000000000000
0x00007f864459a888:   00000000db29c6a0 000000000a000000
0x00007f864459a898:   0000000096602030 00007f864459a8a0
0x00007f864459a8a8:   00007f862c540ace 00007f864459a8f8
0x00007f864459a8b8:   00007f862c5444b0 0000000000000000
0x00007f864459a8c8:   00007f862c540ae0 00007f864459a888
0x00007f864459a8d8:   00007f864459a8f0 00007f864459a948
0x00007f864459a8e8:   00007f862d007d80 000000000a000000
0x00007f864459a8f8:   0000000096602030 00000000d7745388 

Instructions: (pc=0x00007f8643f4fab8)
0x00007f8643f4fa98:   fe 7f 46 a0 c5 fe 7f 46 c0 c5 fe 7f 46 e0 48 29
0x00007f8643f4faa8:   d0 c5 f8 77 c3 0f 1f 00 48 83 e9 80 c5 f9 7e c0
0x00007f8643f4fab8:   f3 aa 48 89 f0 48 29 d0 c5 f8 77 c3 00 00 00 00
0x00007f8643f4fac8:   00 00 00 00 00 00 00 00 41 55 41 54 49 89 fd 55 

Register to memory mapping:

RAX=0x0000000000000000 is an unknown value
RBX=
[error occurred during error reporting (printing register info), id 0xb]

Stack: [0x00007f864449b000,0x00007f864459c000],  sp=0x00007f864459a708,  free space=1021k
Native frames: (J=compiled Java code, j=interpreted, Vv=VM code, C=native code)
C  [libc.so.6+0x172ab8]
V  [libjvm.so+0x61c8c1]
V  [libjvm.so+0x651bd5]
j  java.util.Arrays.copyOf([Ljava/lang/Object;ILjava/lang/Class;)[Ljava/lang/Object;+7
j  java.util.Arrays.copyOf([Ljava/lang/Object;I)[Ljava/lang/Object;+6
j  java.util.Vector.grow(I)V+50
J 196% C2 Anagram.main([Ljava/lang/String;)V (279 bytes) @ 0x00007f862d1904a0 [0x00007f862d190120+0x380]
v  ~StubRoutines::call_stub
V  [libjvm.so+0x66415b]
V  [libjvm.so+0x685e9e]
V  [libjvm.so+0x6887cf]
C  [libjli.so+0x3552]
C  [libjli.so+0x73dd]
C  [libpthread.so.0+0x76ba]  start_thread+0xca

Java frames: (J=compiled Java code, j=interpreted, Vv=VM code)
j  java.util.Arrays.copyOf([Ljava/lang/Object;ILjava/lang/Class;)[Ljava/lang/Object;+7
j  java.util.Arrays.copyOf([Ljava/lang/Object;I)[Ljava/lang/Object;+6
j  java.util.Vector.grow(I)V+50
J 196% C2 Anagram.main([Ljava/lang/String;)V (279 bytes) @ 0x00007f862d1904a0 [0x00007f862d190120+0x380]
v  ~StubRoutines::call_stub

---------------  P R O C E S S  ---------------

Java Threads: ( => current thread )
  0x00007f863c0c1000 JavaThread "Service Thread" daemon [_thread_blocked, id=30422, stack(0x00007f861ea15000,0x00007f861eb16000)]
  0x00007f863c0b1800 JavaThread "C1 CompilerThread2" daemon [_thread_blocked, id=30421, stack(0x00007f861eb16000,0x00007f861ec17000)]
  0x00007f863c0af800 JavaThread "C2 CompilerThread1" daemon [_thread_blocked, id=30420, stack(0x00007f861ec17000,0x00007f861ed18000)]
  0x00007f863c0ac800 JavaThread "C2 CompilerThread0" daemon [_thread_blocked, id=30419, stack(0x00007f861ed18000,0x00007f861ee19000)]
  0x00007f863c0aa800 JavaThread "Signal Dispatcher" daemon [_thread_blocked, id=30418, stack(0x00007f861ee19000,0x00007f861ef1a000)]
  0x00007f863c083800 JavaThread "Finalizer" daemon [_thread_blocked, id=30417, stack(0x00007f861f1f2000,0x00007f861f2f3000)]
  0x00007f863c07f000 JavaThread "Reference Handler" daemon [_thread_blocked, id=30416, stack(0x00007f861f2f3000,0x00007f861f3f4000)]
=>0x00007f863c009800 JavaThread "main" [_thread_in_vm, id=30410, stack(0x00007f864449b000,0x00007f864459c000)]

Other Threads:
  0x00007f863c077000 VMThread [stack: 0x00007f861f3f4000,0x00007f861f4f5000] [id=30415]
  0x00007f863c0c3800 WatcherThread [stack: 0x00007f861e914000,0x00007f861ea15000] [id=30423]

VM state:synchronizing (normal execution)

VM Mutex/Monitor currently owned by a thread:  ([mutex/lock_event])
[0x00007f863c006010] Threads_lock - owner thread: 0x00007f863c077000

Heap:
 PSYoungGen      total 68608K, used 52750K [0x00000000d6f80000, 0x00000000db780000, 0x0000000100000000)
  eden space 63488K, 77% used [0x00000000d6f80000,0x00000000d9f8ce70,0x00000000dad80000)
  from space 5120K, 69% used [0x00000000db280000,0x00000000db5f6a90,0x00000000db780000)
  to   space 5120K, 0% used [0x00000000dad80000,0x00000000dad80000,0x00000000db280000)
 ParOldGen       total 1315840K, used 1269768K [0x0000000084e00000, 0x00000000d5300000, 0x00000000d6f80000)
  object space 1315840K, 96% used [0x0000000084e00000,0x00000000d2602050,0x00000000d5300000)
 Metaspace       used 3540K, capacity 4566K, committed 4864K, reserved 1056768K
  class space    used 389K, capacity 390K, committed 512K, reserved 1048576K

Card table byte_map: [0x00007f8640796000,0x00007f8640b70000] byte_map_base: 0x00007f864036f000

Marking Bits: (ParMarkBitMap*) 0x00007f86437852c0
 Begin Bits: [0x00007f8624270000, 0x00007f8626138000)
 End Bits:   [0x00007f8626138000, 0x00007f8628000000)

Polling page: 0x00007f86445d8000

CodeCache: size=245760Kb used=1645Kb max_used=1662Kb free=244114Kb
 bounds [0x00007f862d000000, 0x00007f862d270000, 0x00007f863c000000]
 total_blobs=442 nmethods=191 adapters=166
 compilation: enabled

Compilation events (10 events):
Event: 0.282 Thread 0x00007f863c0af800 nmethod 162 0x00007f862d196190 code [0x00007f862d196300, 0x00007f862d1966f8]
Event: 0.282 Thread 0x00007f863c0af800  163       4       java.util.Scanner::nextLine (88 bytes)
Event: 0.296 Thread 0x00007f863c0ac800 nmethod 197% 0x00007f862d19c8d0 code [0x00007f862d19cb40, 0x00007f862d19d8e8]
Event: 0.296 Thread 0x00007f863c0ac800  166       4       java.util.regex.Matcher::toMatchResult (53 bytes)
Event: 0.310 Thread 0x00007f863c0ac800 nmethod 166 0x00007f862d17e110 code [0x00007f862d17e2e0, 0x00007f862d17ed38]
Event: 0.310 Thread 0x00007f863c0ac800  150       4       java.nio.Buffer::limit (62 bytes)
Event: 0.310 Thread 0x00007f863c0ac800 nmethod 150 0x00007f862d17b550 code [0x00007f862d17b6a0, 0x00007f862d17b798]
Event: 0.310 Thread 0x00007f863c0ac800  193       4       java.lang.String::equals (81 bytes)
Event: 0.313 Thread 0x00007f863c0ac800 nmethod 193 0x00007f862d19c3d0 code [0x00007f862d19c520, 0x00007f862d19c778]
Event: 0.326 Thread 0x00007f863c0af800 nmethod 163 0x00007f862d1a1550 code [0x00007f862d1a17e0, 0x00007f862d1a2f28]

GC Heap History (4 events):
Event: 0.176 GC heap before
{Heap before GC invocations=1 (full 0):
 PSYoungGen      total 36864K, used 31744K [0x00000000d6f80000, 0x00000000d9880000, 0x0000000100000000)
  eden space 31744K, 100% used [0x00000000d6f80000,0x00000000d8e80000,0x00000000d8e80000)
  from space 5120K, 0% used [0x00000000d9380000,0x00000000d9380000,0x00000000d9880000)
  to   space 5120K, 0% used [0x00000000d8e80000,0x00000000d8e80000,0x00000000d9380000)
 ParOldGen       total 84992K, used 0K [0x0000000084e00000, 0x000000008a100000, 0x00000000d6f80000)
  object space 84992K, 0% used [0x0000000084e00000,0x0000000084e00000,0x000000008a100000)
 Metaspace       used 3478K, capacity 4498K, committed 4864K, reserved 1056768K
  class space    used 385K, capacity 386K, committed 512K, reserved 1048576K
Event: 0.179 GC heap after
Heap after GC invocations=1 (full 0):
 PSYoungGen      total 36864K, used 2074K [0x00000000d6f80000, 0x00000000db780000, 0x0000000100000000)
  eden space 31744K, 0% used [0x00000000d6f80000,0x00000000d6f80000,0x00000000d8e80000)
  from space 5120K, 40% used [0x00000000d8e80000,0x00000000d9086a90,0x00000000d9380000)
  to   space 5120K, 0% used [0x00000000db280000,0x00000000db280000,0x00000000db780000)
 ParOldGen       total 84992K, used 8K [0x0000000084e00000, 0x000000008a100000, 0x00000000d6f80000)
  object space 84992K, 0% used [0x0000000084e00000,0x0000000084e02000,0x000000008a100000)
 Metaspace       used 3478K, capacity 4498K, committed 4864K, reserved 1056768K
  class space    used 385K, capacity 386K, committed 512K, reserved 1048576K
}
Event: 0.209 GC heap before
{Heap before GC invocations=2 (full 0):
 PSYoungGen      total 36864K, used 33818K [0x00000000d6f80000, 0x00000000db780000, 0x0000000100000000)
  eden space 31744K, 100% used [0x00000000d6f80000,0x00000000d8e80000,0x00000000d8e80000)
  from space 5120K, 40% used [0x00000000d8e80000,0x00000000d9086a90,0x00000000d9380000)
  to   space 5120K, 0% used [0x00000000db280000,0x00000000db280000,0x00000000db780000)
 ParOldGen       total 84992K, used 8K [0x0000000084e00000, 0x000000008a100000, 0x00000000d6f80000)
  object space 84992K, 0% used [0x0000000084e00000,0x0000000084e02000,0x000000008a100000)
 Metaspace       used 3481K, capacity 4498K, committed 4864K, reserved 1056768K
  class space    used 385K, capacity 386K, committed 512K, reserved 1048576K
Event: 0.214 GC heap after
Heap after GC invocations=2 (full 0):
 PSYoungGen      total 68608K, used 3546K [0x00000000d6f80000, 0x00000000db780000, 0x0000000100000000)
  eden space 63488K, 0% used [0x00000000d6f80000,0x00000000d6f80000,0x00000000dad80000)
  from space 5120K, 69% used [0x00000000db280000,0x00000000db5f6a90,0x00000000db780000)
  to   space 5120K, 0% used [0x00000000dad80000,0x00000000dad80000,0x00000000db280000)
 ParOldGen       total 84992K, used 8K [0x0000000084e00000, 0x000000008a100000, 0x00000000d6f80000)
  object space 84992K, 0% used [0x0000000084e00000,0x0000000084e02000,0x000000008a100000)
 Metaspace       used 3481K, capacity 4498K, committed 4864K, reserved 1056768K
  class space    used 385K, capacity 386K, committed 512K, reserved 1048576K
}

Deoptimization events (2 events):
Event: 0.232 Thread 0x00007f863c009800 Uncommon trap: reason=unstable_if action=reinterpret pc=0x00007f862d1467e4 method=java.util.regex.Pattern$Dot.isSatisfiedBy(I)Z @ 9
Event: 0.233 Thread 0x00007f863c009800 Uncommon trap: reason=unstable_if action=reinterpret pc=0x00007f862d1661a8 method=java.util.regex.Matcher.group(I)Ljava/lang/String; @ 65

Internal exceptions (8 events):
Event: 0.056 Thread 0x00007f863c009800 Exception <a 'java/lang/NoSuchMethodError': Method sun.misc.Unsafe.defineClass(Ljava/lang/String;[BII)Ljava/lang/Class; name or signature does not match> (0x00000000d6f87ca8) thrown at [/build/openjdk-8-pZyJp3/openjdk-8-8u131-b11/src/hotspot/src/share/vm/
Event: 0.056 Thread 0x00007f863c009800 Exception <a 'java/lang/NoSuchMethodError': Method sun.misc.Unsafe.prefetchRead(Ljava/lang/Object;J)V name or signature does not match> (0x00000000d6f87f90) thrown at [/build/openjdk-8-pZyJp3/openjdk-8-8u131-b11/src/hotspot/src/share/vm/prims/jni.cpp, lin
Event: 0.109 Thread 0x00007f863c009800 Exception <a 'java/security/PrivilegedActionException'> (0x00000000d701e478) thrown at [/build/openjdk-8-pZyJp3/openjdk-8-8u131-b11/src/hotspot/src/share/vm/prims/jvm.cpp, line 1390]
Event: 0.109 Thread 0x00007f863c009800 Exception <a 'java/security/PrivilegedActionException'> (0x00000000d701e870) thrown at [/build/openjdk-8-pZyJp3/openjdk-8-8u131-b11/src/hotspot/src/share/vm/prims/jvm.cpp, line 1390]
Event: 0.109 Thread 0x00007f863c009800 Exception <a 'java/security/PrivilegedActionException'> (0x00000000d70bf6a0) thrown at [/build/openjdk-8-pZyJp3/openjdk-8-8u131-b11/src/hotspot/src/share/vm/prims/jvm.cpp, line 1390]
Event: 0.109 Thread 0x00007f863c009800 Exception <a 'java/security/PrivilegedActionException'> (0x00000000d70bfa98) thrown at [/build/openjdk-8-pZyJp3/openjdk-8-8u131-b11/src/hotspot/src/share/vm/prims/jvm.cpp, line 1390]
Event: 0.109 Thread 0x00007f863c009800 Exception <a 'java/security/PrivilegedActionException'> (0x00000000d70c0758) thrown at [/build/openjdk-8-pZyJp3/openjdk-8-8u131-b11/src/hotspot/src/share/vm/prims/jvm.cpp, line 1390]
Event: 0.109 Thread 0x00007f863c009800 Exception <a 'java/security/PrivilegedActionException'> (0x00000000d70c0b50) thrown at [/build/openjdk-8-pZyJp3/openjdk-8-8u131-b11/src/hotspot/src/share/vm/prims/jvm.cpp, line 1390]

Events (10 events):
Event: 0.233 loading class java/util/ListIterator done
Event: 0.233 loading class java/util/Vector$Itr
Event: 0.233 loading class java/util/Vector$Itr done
Event: 0.233 loading class java/util/Vector$ListItr done
Event: 0.234 loading class java/util/ArrayList$SubList
Event: 0.234 loading class java/util/ArrayList$SubList done
Event: 0.234 loading class java/util/ArrayList$SubList$1
Event: 0.234 loading class java/util/ArrayList$SubList$1 done
Event: 0.267 Thread 0x00007f863c009800 DEOPT PACKING pc=0x00007f862d186646 sp=0x00007f864459a780
Event: 0.267 Thread 0x00007f863c009800 DEOPT UNPACKING pc=0x00007f862d047373 sp=0x00007f864459a6a0 mode 0


Dynamic libraries:
00400000-00401000 r-xp 00000000 08:0a 5774377                            /usr/lib/jvm/java-8-openjdk-amd64/jre/bin/java
00600000-00601000 r--p 00000000 08:0a 5774377                            /usr/lib/jvm/java-8-openjdk-amd64/jre/bin/java
00601000-00602000 rw-p 00001000 08:0a 5774377                            /usr/lib/jvm/java-8-openjdk-amd64/jre/bin/java
0197e000-0199f000 rw-p 00000000 00:00 0                                  [heap]
84e00000-d5300000 rw-p 00000000 00:00 0 
d5300000-d6f80000 ---p 00000000 00:00 0 
d6f80000-db780000 rw-p 00000000 00:00 0 
db780000-100000000 ---p 00000000 00:00 0 
100000000-100080000 rw-p 00000000 00:00 0 
100080000-140000000 ---p 00000000 00:00 0 
7f85ecfff000-7f85f0000000 rw-p 00000000 00:00 0 
7f85f0000000-7f85f0021000 rw-p 00000000 00:00 0 
7f85f0021000-7f85f4000000 ---p 00000000 00:00 0 
7f85f4000000-7f85f4021000 rw-p 00000000 00:00 0 
7f85f4021000-7f85f8000000 ---p 00000000 00:00 0 
7f85f8000000-7f85f8312000 rw-p 00000000 00:00 0 
7f85f8312000-7f85fc000000 ---p 00000000 00:00 0 
7f85fc000000-7f85fc27c000 rw-p 00000000 00:00 0 
7f85fc27c000-7f8600000000 ---p 00000000 00:00 0 
7f8600000000-7f8600021000 rw-p 00000000 00:00 0 
7f8600021000-7f8604000000 ---p 00000000 00:00 0 
7f8604000000-7f86042bf000 rw-p 00000000 00:00 0 
7f86042bf000-7f8608000000 ---p 00000000 00:00 0 
7f8608000000-7f8608021000 rw-p 00000000 00:00 0 
7f8608021000-7f860c000000 ---p 00000000 00:00 0 
7f860c000000-7f860c021000 rw-p 00000000 00:00 0 
7f860c021000-7f8610000000 ---p 00000000 00:00 0 
7f8610000000-7f8610021000 rw-p 00000000 00:00 0 
7f8610021000-7f8614000000 ---p 00000000 00:00 0 
7f8614000000-7f8614021000 rw-p 00000000 00:00 0 
7f8614021000-7f8618000000 ---p 00000000 00:00 0 
7f8618000000-7f8618021000 rw-p 00000000 00:00 0 
7f8618021000-7f861c000000 ---p 00000000 00:00 0 
7f861e4e9000-7f861e4fa000 r-xp 00000000 08:0a 5774300                    /usr/lib/jvm/java-8-openjdk-amd64/jre/lib/amd64/libnio.so
7f861e4fa000-7f861e6fa000 ---p 00011000 08:0a 5774300                    /usr/lib/jvm/java-8-openjdk-amd64/jre/lib/amd64/libnio.so
7f861e6fa000-7f861e6fb000 r--p 00011000 08:0a 5774300                    /usr/lib/jvm/java-8-openjdk-amd64/jre/lib/amd64/libnio.so
7f861e6fb000-7f861e6fc000 rw-p 00012000 08:0a 5774300                    /usr/lib/jvm/java-8-openjdk-amd64/jre/lib/amd64/libnio.so
7f861e6fc000-7f861e713000 r-xp 00000000 08:0a 5774320                    /usr/lib/jvm/java-8-openjdk-amd64/jre/lib/amd64/libnet.so
7f861e713000-7f861e912000 ---p 00017000 08:0a 5774320                    /usr/lib/jvm/java-8-openjdk-amd64/jre/lib/amd64/libnet.so
7f861e912000-7f861e913000 r--p 00016000 08:0a 5774320                    /usr/lib/jvm/java-8-openjdk-amd64/jre/lib/amd64/libnet.so
7f861e913000-7f861e914000 rw-p 00017000 08:0a 5774320                    /usr/lib/jvm/java-8-openjdk-amd64/jre/lib/amd64/libnet.so
7f861e914000-7f861e915000 ---p 00000000 00:00 0 
7f861e915000-7f861ea15000 rw-p 00000000 00:00 0 
7f861ea15000-7f861ea18000 ---p 00000000 00:00 0 
7f861ea18000-7f861eb16000 rw-p 00000000 00:00 0 
7f861eb16000-7f861eb19000 ---p 00000000 00:00 0 
7f861eb19000-7f861ec17000 rw-p 00000000 00:00 0 
7f861ec17000-7f861ec1a000 ---p 00000000 00:00 0 
7f861ec1a000-7f861ed18000 rw-p 00000000 00:00 0 
7f861ed18000-7f861ed1b000 ---p 00000000 00:00 0 
7f861ed1b000-7f861ee19000 rw-p 00000000 00:00 0 
7f861ee19000-7f861ee1c000 ---p 00000000 00:00 0 
7f861ee1c000-7f861ef1a000 rw-p 00000000 00:00 0 
7f861ef1a000-7f861f1f2000 r--p 00000000 08:0a 5505843                    /usr/lib/locale/locale-archive
7f861f1f2000-7f861f1f5000 ---p 00000000 00:00 0 
7f861f1f5000-7f861f2f3000 rw-p 00000000 00:00 0 
7f861f2f3000-7f861f2f6000 ---p 00000000 00:00 0 
7f861f2f6000-7f861f3f4000 rw-p 00000000 00:00 0 
7f861f3f4000-7f861f3f5000 ---p 00000000 00:00 0 
7f861f3f5000-7f8620000000 rw-p 00000000 00:00 0 
7f8620000000-7f8620021000 rw-p 00000000 00:00 0 
7f8620021000-7f8624000000 ---p 00000000 00:00 0 
7f8624032000-7f862404d000 r--s 00394000 08:0a 5774286                    /usr/lib/jvm/java-8-openjdk-amd64/jre/lib/ext/cldrdata.jar
7f862404d000-7f8628000000 rw-p 00000000 00:00 0 
7f8628000000-7f8628021000 rw-p 00000000 00:00 0 
7f8628021000-7f862c000000 ---p 00000000 00:00 0 
7f862c015000-7f862c259000 rw-p 00000000 00:00 0 
7f862c259000-7f862c427000 r--s 03c13000 08:0a 5774284                    /usr/lib/jvm/java-8-openjdk-amd64/jre/lib/rt.jar
7f862c427000-7f862c867000 rw-p 00000000 00:00 0 
7f862c867000-7f862cc27000 ---p 00000000 00:00 0 
7f862cc27000-7f862d000000 rw-p 00000000 00:00 0 
7f862d000000-7f862d270000 rwxp 00000000 00:00 0 
7f862d270000-7f863c000000 ---p 00000000 00:00 0 
7f863c000000-7f863c17b000 rw-p 00000000 00:00 0 
7f863c17b000-7f8640000000 ---p 00000000 00:00 0 
7f8640007000-7f8640009000 r--s 00001000 08:0a 5774290                    /usr/lib/jvm/java-8-openjdk-amd64/jre/lib/ext/dnsns.jar
7f8640009000-7f864000d000 r--s 00037000 08:0a 5774289                    /usr/lib/jvm/java-8-openjdk-amd64/jre/lib/ext/sunpkcs11.jar
7f864000d000-7f864000e000 r--s 0000a000 08:0a 5774291                    /usr/lib/jvm/java-8-openjdk-amd64/jre/lib/ext/jaccess.jar
7f864000e000-7f864000f000 r--s 00010000 08:0a 5774295                    /usr/lib/jvm/java-8-openjdk-amd64/jre/lib/ext/zipfs.jar
7f864000f000-7f8640012000 r--s 0000f000 08:0a 5774293                    /usr/lib/jvm/java-8-openjdk-amd64/jre/lib/ext/icedtea-sound.jar
7f8640012000-7f864001c000 r--s 00116000 08:0a 5774288                    /usr/lib/jvm/java-8-openjdk-amd64/jre/lib/ext/localedata.jar
7f864001c000-7f8640101000 rw-p 00000000 00:00 0 
7f8640101000-7f8640102000 ---p 00000000 00:00 0 
7f8640102000-7f8640202000 rw-p 00000000 00:00 0 
7f8640202000-7f8640203000 ---p 00000000 00:00 0 
7f8640203000-7f8640303000 rw-p 00000000 00:00 0 
7f8640303000-7f8640304000 ---p 00000000 00:00 0 
7f8640304000-7f8640404000 rw-p 00000000 00:00 0 
7f8640404000-7f8640405000 ---p 00000000 00:00 0 
7f8640405000-7f8640788000 rw-p 00000000 00:00 0 
7f8640788000-7f8640796000 ---p 00000000 00:00 0 
7f8640796000-7f8640a19000 rw-p 00000000 00:00 0 
7f8640a19000-7f8640a26000 ---p 00000000 00:00 0 
7f8640a26000-7f8640a4b000 rw-p 00000000 00:00 0 
7f8640a4b000-7f8640b6f000 ---p 00000000 00:00 0 
7f8640b6f000-7f8640b7a000 rw-p 00000000 00:00 0 
7f8640b7a000-7f8640f30000 ---p 00000000 00:00 0 
7f8640f30000-7f8640f38000 r-xp 00000000 08:0a 5774311                    /usr/lib/jvm/java-8-openjdk-amd64/jre/lib/amd64/libzip.so
7f8640f38000-7f8641137000 ---p 00008000 08:0a 5774311                    /usr/lib/jvm/java-8-openjdk-amd64/jre/lib/amd64/libzip.so
7f8641137000-7f8641138000 r--p 00007000 08:0a 5774311                    /usr/lib/jvm/java-8-openjdk-amd64/jre/lib/amd64/libzip.so
7f8641138000-7f8641139000 rw-p 00008000 08:0a 5774311                    /usr/lib/jvm/java-8-openjdk-amd64/jre/lib/amd64/libzip.so
7f8641139000-7f8641144000 r-xp 00000000 08:0a 9044052                    /lib/x86_64-linux-gnu/libnss_files-2.23.so
7f8641144000-7f8641343000 ---p 0000b000 08:0a 9044052                    /lib/x86_64-linux-gnu/libnss_files-2.23.so
7f8641343000-7f8641344000 r--p 0000a000 08:0a 9044052                    /lib/x86_64-linux-gnu/libnss_files-2.23.so
7f8641344000-7f8641345000 rw-p 0000b000 08:0a 9044052                    /lib/x86_64-linux-gnu/libnss_files-2.23.so
7f8641345000-7f864134b000 rw-p 00000000 00:00 0 
7f864134b000-7f8641356000 r-xp 00000000 08:0a 9044055                    /lib/x86_64-linux-gnu/libnss_nis-2.23.so
7f8641356000-7f8641555000 ---p 0000b000 08:0a 9044055                    /lib/x86_64-linux-gnu/libnss_nis-2.23.so
7f8641555000-7f8641556000 r--p 0000a000 08:0a 9044055                    /lib/x86_64-linux-gnu/libnss_nis-2.23.so
7f8641556000-7f8641557000 rw-p 0000b000 08:0a 9044055                    /lib/x86_64-linux-gnu/libnss_nis-2.23.so
7f8641557000-7f864156d000 r-xp 00000000 08:0a 9043982                    /lib/x86_64-linux-gnu/libnsl-2.23.so
7f864156d000-7f864176c000 ---p 00016000 08:0a 9043982                    /lib/x86_64-linux-gnu/libnsl-2.23.so
7f864176c000-7f864176d000 r--p 00015000 08:0a 9043982                    /lib/x86_64-linux-gnu/libnsl-2.23.so
7f864176d000-7f864176e000 rw-p 00016000 08:0a 9043982                    /lib/x86_64-linux-gnu/libnsl-2.23.so
7f864176e000-7f8641770000 rw-p 00000000 00:00 0 
7f8641770000-7f8641778000 r-xp 00000000 08:0a 9044061                    /lib/x86_64-linux-gnu/libnss_compat-2.23.so
7f8641778000-7f8641977000 ---p 00008000 08:0a 9044061                    /lib/x86_64-linux-gnu/libnss_compat-2.23.so
7f8641977000-7f8641978000 r--p 00007000 08:0a 9044061                    /lib/x86_64-linux-gnu/libnss_compat-2.23.so
7f8641978000-7f8641979000 rw-p 00008000 08:0a 9044061                    /lib/x86_64-linux-gnu/libnss_compat-2.23.so
7f8641979000-7f86419a6000 r-xp 00000000 08:0a 5774326                    /usr/lib/jvm/java-8-openjdk-amd64/jre/lib/amd64/libjava.so
7f86419a6000-7f8641ba5000 ---p 0002d000 08:0a 5774326                    /usr/lib/jvm/java-8-openjdk-amd64/jre/lib/amd64/libjava.so
7f8641ba5000-7f8641ba6000 r--p 0002c000 08:0a 5774326                    /usr/lib/jvm/java-8-openjdk-amd64/jre/lib/amd64/libjava.so
7f8641ba6000-7f8641ba8000 rw-p 0002d000 08:0a 5774326                    /usr/lib/jvm/java-8-openjdk-amd64/jre/lib/amd64/libjava.so
7f8641ba8000-7f8641bb7000 r-xp 00000000 08:0a 5774304                    /usr/lib/jvm/java-8-openjdk-amd64/jre/lib/amd64/libverify.so
7f8641bb7000-7f8641db6000 ---p 0000f000 08:0a 5774304                    /usr/lib/jvm/java-8-openjdk-amd64/jre/lib/amd64/libverify.so
7f8641db6000-7f8641db8000 r--p 0000e000 08:0a 5774304                    /usr/lib/jvm/java-8-openjdk-amd64/jre/lib/amd64/libverify.so
7f8641db8000-7f8641db9000 rw-p 00010000 08:0a 5774304                    /usr/lib/jvm/java-8-openjdk-amd64/jre/lib/amd64/libverify.so
7f8641db9000-7f8641dc0000 r-xp 00000000 08:0a 9044057                    /lib/x86_64-linux-gnu/librt-2.23.so
7f8641dc0000-7f8641fbf000 ---p 00007000 08:0a 9044057                    /lib/x86_64-linux-gnu/librt-2.23.so
7f8641fbf000-7f8641fc0000 r--p 00006000 08:0a 9044057                    /lib/x86_64-linux-gnu/librt-2.23.so
7f8641fc0000-7f8641fc1000 rw-p 00007000 08:0a 9044057                    /lib/x86_64-linux-gnu/librt-2.23.so
7f8641fc1000-7f8641fd7000 r-xp 00000000 08:0a 9048568                    /lib/x86_64-linux-gnu/libgcc_s.so.1
7f8641fd7000-7f86421d6000 ---p 00016000 08:0a 9048568                    /lib/x86_64-linux-gnu/libgcc_s.so.1
7f86421d6000-7f86421d7000 rw-p 00015000 08:0a 9048568                    /lib/x86_64-linux-gnu/libgcc_s.so.1
7f86421d7000-7f86422df000 r-xp 00000000 08:0a 9044066                    /lib/x86_64-linux-gnu/libm-2.23.so
7f86422df000-7f86424de000 ---p 00108000 08:0a 9044066                    /lib/x86_64-linux-gnu/libm-2.23.so
7f86424de000-7f86424df000 r--p 00107000 08:0a 9044066                    /lib/x86_64-linux-gnu/libm-2.23.so
7f86424df000-7f86424e0000 rw-p 00108000 08:0a 9044066                    /lib/x86_64-linux-gnu/libm-2.23.so
7f86424e0000-7f8642652000 r-xp 00000000 08:0a 5506634                    /usr/lib/x86_64-linux-gnu/libstdc++.so.6.0.21
7f8642652000-7f8642852000 ---p 00172000 08:0a 5506634                    /usr/lib/x86_64-linux-gnu/libstdc++.so.6.0.21
7f8642852000-7f864285c000 r--p 00172000 08:0a 5506634                    /usr/lib/x86_64-linux-gnu/libstdc++.so.6.0.21
7f864285c000-7f864285e000 rw-p 0017c000 08:0a 5506634                    /usr/lib/x86_64-linux-gnu/libstdc++.so.6.0.21
7f864285e000-7f8642862000 rw-p 00000000 00:00 0 
7f8642862000-7f86434b6000 r-xp 00000000 08:0a 5774310                    /usr/lib/jvm/java-8-openjdk-amd64/jre/lib/amd64/server/libjvm.so
7f86434b6000-7f86436b6000 ---p 00c54000 08:0a 5774310                    /usr/lib/jvm/java-8-openjdk-amd64/jre/lib/amd64/server/libjvm.so
7f86436b6000-7f8643749000 r--p 00c54000 08:0a 5774310                    /usr/lib/jvm/java-8-openjdk-amd64/jre/lib/amd64/server/libjvm.so
7f8643749000-7f8643772000 rw-p 00ce7000 08:0a 5774310                    /usr/lib/jvm/java-8-openjdk-amd64/jre/lib/amd64/server/libjvm.so
7f8643772000-7f86437a2000 rw-p 00000000 00:00 0 
7f86437a2000-7f86437ba000 r-xp 00000000 08:0a 9044054                    /lib/x86_64-linux-gnu/libpthread-2.23.so
7f86437ba000-7f86439b9000 ---p 00018000 08:0a 9044054                    /lib/x86_64-linux-gnu/libpthread-2.23.so
7f86439b9000-7f86439ba000 r--p 00017000 08:0a 9044054                    /lib/x86_64-linux-gnu/libpthread-2.23.so
7f86439ba000-7f86439bb000 rw-p 00018000 08:0a 9044054                    /lib/x86_64-linux-gnu/libpthread-2.23.so
7f86439bb000-7f86439bf000 rw-p 00000000 00:00 0 
7f86439bf000-7f86439c2000 r-xp 00000000 08:0a 9044060                    /lib/x86_64-linux-gnu/libdl-2.23.so
7f86439c2000-7f8643bc1000 ---p 00003000 08:0a 9044060                    /lib/x86_64-linux-gnu/libdl-2.23.so
7f8643bc1000-7f8643bc2000 r--p 00002000 08:0a 9044060                    /lib/x86_64-linux-gnu/libdl-2.23.so
7f8643bc2000-7f8643bc3000 rw-p 00003000 08:0a 9044060                    /lib/x86_64-linux-gnu/libdl-2.23.so
7f8643bc3000-7f8643bdc000 r-xp 00000000 08:0a 9048503                    /lib/x86_64-linux-gnu/libz.so.1.2.8
7f8643bdc000-7f8643ddb000 ---p 00019000 08:0a 9048503                    /lib/x86_64-linux-gnu/libz.so.1.2.8
7f8643ddb000-7f8643ddc000 r--p 00018000 08:0a 9048503                    /lib/x86_64-linux-gnu/libz.so.1.2.8
7f8643ddc000-7f8643ddd000 rw-p 00019000 08:0a 9048503                    /lib/x86_64-linux-gnu/libz.so.1.2.8
7f8643ddd000-7f8643f9d000 r-xp 00000000 08:0a 9048549                    /lib/x86_64-linux-gnu/libc-2.23.so
7f8643f9d000-7f864419d000 ---p 001c0000 08:0a 9048549                    /lib/x86_64-linux-gnu/libc-2.23.so
7f864419d000-7f86441a1000 r--p 001c0000 08:0a 9048549                    /lib/x86_64-linux-gnu/libc-2.23.so
7f86441a1000-7f86441a3000 rw-p 001c4000 08:0a 9048549                    /lib/x86_64-linux-gnu/libc-2.23.so
7f86441a3000-7f86441a7000 rw-p 00000000 00:00 0 
7f86441a7000-7f86441b4000 r-xp 00000000 08:0a 5774302                    /usr/lib/jvm/java-8-openjdk-amd64/jre/lib/amd64/jli/libjli.so
7f86441b4000-7f86443b4000 ---p 0000d000 08:0a 5774302                    /usr/lib/jvm/java-8-openjdk-amd64/jre/lib/amd64/jli/libjli.so
7f86443b4000-7f86443b5000 r--p 0000d000 08:0a 5774302                    /usr/lib/jvm/java-8-openjdk-amd64/jre/lib/amd64/jli/libjli.so
7f86443b5000-7f86443b6000 rw-p 0000e000 08:0a 5774302                    /usr/lib/jvm/java-8-openjdk-amd64/jre/lib/amd64/jli/libjli.so
7f86443b6000-7f86443dc000 r-xp 00000000 08:0a 9043985                    /lib/x86_64-linux-gnu/ld-2.23.so
7f86443dc000-7f86443f7000 r--s 001d6000 08:0a 5774287                    /usr/lib/jvm/java-8-openjdk-amd64/jre/lib/ext/nashorn.jar
7f86443f7000-7f864449b000 rw-p 00000000 00:00 0 
7f864449b000-7f864449e000 ---p 00000000 00:00 0 
7f864449e000-7f86445a1000 rw-p 00000000 00:00 0 
7f86445a1000-7f86445a3000 r--s 00008000 08:0a 5774294                    /usr/lib/jvm/java-8-openjdk-amd64/jre/lib/ext/sunec.jar
7f86445a3000-7f86445a8000 r--s 0003b000 08:0a 5774292                    /usr/lib/jvm/java-8-openjdk-amd64/jre/lib/ext/sunjce_provider.jar
7f86445a8000-7f86445cf000 rw-p 00000000 00:00 0 
7f86445cf000-7f86445d7000 rw-s 00000000 08:0a 5119667                    /tmp/hsperfdata_ad/30409
7f86445d7000-7f86445d8000 rw-p 00000000 00:00 0 
7f86445d8000-7f86445d9000 ---p 00000000 00:00 0 
7f86445d9000-7f86445db000 rw-p 00000000 00:00 0 
7f86445db000-7f86445dc000 r--p 00025000 08:0a 9043985                    /lib/x86_64-linux-gnu/ld-2.23.so
7f86445dc000-7f86445dd000 rw-p 00026000 08:0a 9043985                    /lib/x86_64-linux-gnu/ld-2.23.so
7f86445dd000-7f86445de000 rw-p 00000000 00:00 0 
7ffe8a6dc000-7ffe8a6fd000 rw-p 00000000 00:00 0                          [stack]
7ffe8a784000-7ffe8a786000 r--p 00000000 00:00 0                          [vvar]
7ffe8a786000-7ffe8a788000 r-xp 00000000 00:00 0                          [vdso]
ffffffffff600000-ffffffffff601000 r-xp 00000000 00:00 0                  [vsyscall]

VM Arguments:
java_command: Anagram vocabulary.txt input.txt
java_class_path (initial): .
Launcher Type: SUN_STANDARD

Environment Variables:
PATH=/home/ad/anaconda3/bin:/opt/Xilinx/DocNav:/opt/Xilinx/Vivado/2016.4/bin:/opt/Xilinx/Vivado_HLS/2016.4/bin:/home/ad/scripts:/home/ad/bin:/home/ad/.local/bin:/usr/local/sbin:/usr/local/bin:/usr/sbin:/usr/bin:/sbin:/bin:/usr/games:/usr/local/games:/snap/bin:/home/ad/scripts
SHELL=/bin/zsh
DISPLAY=:0

Signal Handlers:
SIGSEGV: [libjvm.so+0xa6ad10], sa_mask[0]=11111111011111111101111111111110, sa_flags=SA_RESTART|SA_SIGINFO
SIGBUS: [libjvm.so+0xa6ad10], sa_mask[0]=11111111011111111101111111111110, sa_flags=SA_RESTART|SA_SIGINFO
SIGFPE: [libjvm.so+0x8b3bc0], sa_mask[0]=11111111011111111101111111111110, sa_flags=SA_RESTART|SA_SIGINFO
SIGPIPE: [libjvm.so+0x8b3bc0], sa_mask[0]=11111111011111111101111111111110, sa_flags=SA_RESTART|SA_SIGINFO
SIGXFSZ: [libjvm.so+0x8b3bc0], sa_mask[0]=11111111011111111101111111111110, sa_flags=SA_RESTART|SA_SIGINFO
SIGILL: [libjvm.so+0x8b3bc0], sa_mask[0]=11111111011111111101111111111110, sa_flags=SA_RESTART|SA_SIGINFO
SIGUSR1: SIG_DFL, sa_mask[0]=00000000000000000000000000000000, sa_flags=none
SIGUSR2: [libjvm.so+0x8b3a70], sa_mask[0]=00000000000000000000000000000000, sa_flags=SA_RESTART|SA_SIGINFO
SIGHUP: [libjvm.so+0x8b3f40], sa_mask[0]=11111111011111111101111111111110, sa_flags=SA_RESTART|SA_SIGINFO
SIGINT: [libjvm.so+0x8b3f40], sa_mask[0]=11111111011111111101111111111110, sa_flags=SA_RESTART|SA_SIGINFO
SIGTERM: [libjvm.so+0x8b3f40], sa_mask[0]=11111111011111111101111111111110, sa_flags=SA_RESTART|SA_SIGINFO
SIGQUIT: [libjvm.so+0x8b3f40], sa_mask[0]=11111111011111111101111111111110, sa_flags=SA_RESTART|SA_SIGINFO


---------------  S Y S T E M  ---------------

OS:DISTRIB_ID=Ubuntu
DISTRIB_RELEASE=16.04
DISTRIB_CODENAME=xenial
DISTRIB_DESCRIPTION="Ubuntu 16.04.3 LTS"

uname:Linux 4.10.0-35-generic #39~16.04.1-Ubuntu SMP Wed Sep 13 09:02:42 UTC 2017 x86_64
libc:glibc 2.23 NPTL 2.23 
rlimit: STACK 8192k, CORE 0k, NPROC 30545, NOFILE 1048576, AS infinity
load average:6.55 3.31 2.28

/proc/meminfo:
MemTotal:        8061908 kB
MemFree:          107108 kB
MemAvailable:      94464 kB
Buffers:            6280 kB
Cached:           672704 kB
SwapCached:       121864 kB
Active:          6683560 kB
Inactive:         895564 kB
Active(anon):    6577408 kB
Inactive(anon):   822040 kB
Active(file):     106152 kB
Inactive(file):    73524 kB
Unevictable:        2500 kB
Mlocked:            2500 kB
SwapTotal:       8276988 kB
SwapFree:        6556532 kB
Dirty:               608 kB
Writeback:         47056 kB
AnonPages:       6818260 kB
Mapped:           419776 kB
Shmem:            499256 kB
Slab:             138120 kB
SReclaimable:      66096 kB
SUnreclaim:        72024 kB
KernelStack:       16768 kB
PageTables:        83288 kB
NFS_Unstable:          0 kB
Bounce:                0 kB
WritebackTmp:          0 kB
CommitLimit:    12307940 kB
Committed_AS:   19472524 kB
VmallocTotal:   34359738367 kB
VmallocUsed:           0 kB
VmallocChunk:          0 kB
HardwareCorrupted:     0 kB
AnonHugePages:   1406976 kB
ShmemHugePages:        0 kB
ShmemPmdMapped:        0 kB
CmaTotal:              0 kB
CmaFree:               0 kB
HugePages_Total:       0
HugePages_Free:        0
HugePages_Rsvd:        0
HugePages_Surp:        0
Hugepagesize:       2048 kB
DirectMap4k:      900500 kB
DirectMap2M:     7376896 kB
DirectMap1G:           0 kB


CPU:total 4 (initial active 4) (2 cores per cpu, 2 threads per core) family 6 model 78 stepping 3, cmov, cx8, fxsr, mmx, sse, sse2, sse3, ssse3, sse4.1, sse4.2, popcnt, avx, avx2, aes, clmul, erms, 3dnowpref, lzcnt, ht, tsc, tscinvbit, bmi1, bmi2, adx

/proc/cpuinfo:
processor	: 0
vendor_id	: GenuineIntel
cpu family	: 6
model		: 78
model name	: Intel(R) Core(TM) i7-6500U CPU @ 2.50GHz
stepping	: 3
microcode	: 0xba
cpu MHz		: 2799.475
cache size	: 4096 KB
physical id	: 0
siblings	: 4
core id		: 0
cpu cores	: 2
apicid		: 0
initial apicid	: 0
fpu		: yes
fpu_exception	: yes
cpuid level	: 22
wp		: yes
flags		: fpu vme de pse tsc msr pae mce cx8 apic sep mtrr pge mca cmov pat pse36 clflush dts acpi mmx fxsr sse sse2 ss ht tm pbe syscall nx pdpe1gb rdtscp lm constant_tsc art arch_perfmon pebs bts rep_good nopl xtopology nonstop_tsc aperfmperf tsc_known_freq pni pclmulqdq dtes64 monitor ds_cpl vmx est tm2 ssse3 sdbg fma cx16 xtpr pdcm pcid sse4_1 sse4_2 x2apic movbe popcnt tsc_deadline_timer aes xsave avx f16c rdrand lahf_lm abm 3dnowprefetch epb intel_pt tpr_shadow vnmi flexpriority ept vpid fsgsbase tsc_adjust bmi1 avx2 smep bmi2 erms invpcid mpx rdseed adx smap clflushopt xsaveopt xsavec xgetbv1 xsaves dtherm ida arat pln pts hwp hwp_notify hwp_act_window hwp_epp
bugs		:
bogomips	: 5184.00
clflush size	: 64
cache_alignment	: 64
address sizes	: 39 bits physical, 48 bits virtual
power management:

processor	: 1
vendor_id	: GenuineIntel
cpu family	: 6
model		: 78
model name	: Intel(R) Core(TM) i7-6500U CPU @ 2.50GHz
stepping	: 3
microcode	: 0xba
cpu MHz		: 949.450
cache size	: 4096 KB
physical id	: 0
siblings	: 4
core id		: 1
cpu cores	: 2
apicid		: 2
initial apicid	: 2
fpu		: yes
fpu_exception	: yes
cpuid level	: 22
wp		: yes
flags		: fpu vme de pse tsc msr pae mce cx8 apic sep mtrr pge mca cmov pat pse36 clflush dts acpi mmx fxsr sse sse2 ss ht tm pbe syscall nx pdpe1gb rdtscp lm constant_tsc art arch_perfmon pebs bts rep_good nopl xtopology nonstop_tsc aperfmperf tsc_known_freq pni pclmulqdq dtes64 monitor ds_cpl vmx est tm2 ssse3 sdbg fma cx16 xtpr pdcm pcid sse4_1 sse4_2 x2apic movbe popcnt tsc_deadline_timer aes xsave avx f16c rdrand lahf_lm abm 3dnowprefetch epb intel_pt tpr_shadow vnmi flexpriority ept vpid fsgsbase tsc_adjust bmi1 avx2 smep bmi2 erms invpcid mpx rdseed adx smap clflushopt xsaveopt xsavec xgetbv1 xsaves dtherm ida arat pln pts hwp hwp_notify hwp_act_window hwp_epp
bugs		:
bogomips	: 5184.00
clflush size	: 64
cache_alignment	: 64
address sizes	: 39 bits physical, 48 bits virtual
power management:

processor	: 2
vendor_id	: GenuineIntel
cpu family	: 6
model		: 78
model name	: Intel(R) Core(TM) i7-6500U CPU @ 2.50GHz
stepping	: 3
microcode	: 0xba
cpu MHz		: 791.711
cache size	: 4096 KB
physical id	: 0
siblings	: 4
core id		: 0
cpu cores	: 2
apicid		: 1
initial apicid	: 1
fpu		: yes
fpu_exception	: yes
cpuid level	: 22
wp		: yes
flags		: fpu vme de pse tsc msr pae mce cx8 apic sep mtrr pge mca cmov pat pse36 clflush dts acpi mmx fxsr sse sse2 ss ht tm pbe syscall nx pdpe1gb rdtscp lm constant_tsc art arch_perfmon pebs bts rep_good nopl xtopology nonstop_tsc aperfmperf tsc_known_freq pni pclmulqdq dtes64 monitor ds_cpl vmx est tm2 ssse3 sdbg fma cx16 xtpr pdcm pcid sse4_1 sse4_2 x2apic movbe popcnt tsc_deadline_timer aes xsave avx f16c rdrand lahf_lm abm 3dnowprefetch epb intel_pt tpr_shadow vnmi flexpriority ept vpid fsgsbase tsc_adjust bmi1 avx2 smep bmi2 erms invpcid mpx rdseed adx smap clflushopt xsaveopt xsavec xgetbv1 xsaves dtherm ida arat pln pts hwp hwp_notify hwp_act_window hwp_epp
bugs		:
bogomips	: 5184.00
clflush size	: 64
cache_alignment	: 64
address sizes	: 39 bits physical, 48 bits virtual
power management:

processor	: 3
vendor_id	: GenuineIntel
cpu family	: 6
model		: 78
model name	: Intel(R) Core(TM) i7-6500U CPU @ 2.50GHz
stepping	: 3
microcode	: 0xba
cpu MHz		: 791.552
cache size	: 4096 KB
physical id	: 0
siblings	: 4
core id		: 1
cpu cores	: 2
apicid		: 3
initial apicid	: 3
fpu		: yes
fpu_exception	: yes
cpuid level	: 22
wp		: yes
flags		: fpu vme de pse tsc msr pae mce cx8 apic sep mtrr pge mca cmov pat pse36 clflush dts acpi mmx fxsr sse sse2 ss ht tm pbe syscall nx pdpe1gb rdtscp lm constant_tsc art arch_perfmon pebs bts rep_good nopl xtopology nonstop_tsc aperfmperf tsc_known_freq pni pclmulqdq dtes64 monitor ds_cpl vmx est tm2 ssse3 sdbg fma cx16 xtpr pdcm pcid sse4_1 sse4_2 x2apic movbe popcnt tsc_deadline_timer aes xsave avx f16c rdrand lahf_lm abm 3dnowprefetch epb intel_pt tpr_shadow vnmi flexpriority ept vpid fsgsbase tsc_adjust bmi1 avx2 smep bmi2 erms invpcid mpx rdseed adx smap clflushopt xsaveopt xsavec xgetbv1 xsaves dtherm ida arat pln pts hwp hwp_notify hwp_act_window hwp_epp
bugs		:
bogomips	: 5184.00
clflush size	: 64
cache_alignment	: 64
address sizes	: 39 bits physical, 48 bits virtual
power management:



Memory: 4k page, physical 8061908k(107556k free), swap 8276988k(6556540k free)

vm_info: OpenJDK 64-Bit Server VM (25.131-b11) for linux-amd64 JRE (1.8.0_131-8u131-b11-2ubuntu1.16.04.3-b11), built on Jul 28 2017 01:23:32 by "buildd" with gcc 5.4.0 20160609

time: Fri Oct 27 00:28:35 2017
elapsed time: 1377 seconds (0d 0h 22m 57s)

